{
  "stats": {
    "suites": 0,
    "tests": 5,
    "passes": 5,
    "pending": 0,
    "failures": 0,
    "start": "2023-07-05T00:31:34.106Z",
    "end": "2023-07-05T00:31:44.851Z",
    "duration": 10745,
    "testsRegistered": 5,
    "passPercent": 100,
    "pendingPercent": 0,
    "other": 0,
    "hasOther": false,
    "skipped": 0,
    "hasSkipped": false
  },
  "results": [
    {
      "uuid": "8eae6bb8-fc85-468e-a062-b66b30f666e5",
      "title": "",
      "fullFile": "cypress/integration/login.ts",
      "file": "cypress/integration/login.ts",
      "beforeHooks": [],
      "afterHooks": [],
      "tests": [
        {
          "title": "Test LOGIN",
          "fullTitle": "Test LOGIN",
          "timedOut": null,
          "duration": 2309,
          "state": "passed",
          "speed": "fast",
          "pass": true,
          "fail": false,
          "pending": false,
          "context": null,
          "code": "loginPage.login(URL, 'standard_user', 'secret_sauce');\nloginPage.assertLogin();",
          "err": {},
          "uuid": "4edd3c8c-cf8d-4552-93fa-25d4c6b32105",
          "parentUUID": "8eae6bb8-fc85-468e-a062-b66b30f666e5",
          "isHook": false,
          "skipped": false
        },
        {
          "title": "Test Sauce Demo Invalid Password",
          "fullTitle": "Test Sauce Demo Invalid Password",
          "timedOut": null,
          "duration": 1118,
          "state": "passed",
          "speed": "fast",
          "pass": true,
          "fail": false,
          "pending": false,
          "context": null,
          "code": "loginPage.login(URL, 'standard_user', 'invalidPass');\nloginPage.assertLoginFail();",
          "err": {},
          "uuid": "c8658224-add7-4f22-976b-4805730ad99b",
          "parentUUID": "8eae6bb8-fc85-468e-a062-b66b30f666e5",
          "isHook": false,
          "skipped": false
        },
        {
          "title": "Test Sauce Demo Sauce labs product backpack",
          "fullTitle": "Test Sauce Demo Sauce labs product backpack",
          "timedOut": null,
          "duration": 1079,
          "state": "passed",
          "speed": "fast",
          "pass": true,
          "fail": false,
          "pending": false,
          "context": null,
          "code": "loginPage.login(URL, 'standard_user', 'secret_sauce');\nloginPage.assertLogin();\ndashboardPage.sauceLabsBackpack();",
          "err": {},
          "uuid": "f75256ea-8320-4c4f-aebb-b61ab2c1409f",
          "parentUUID": "8eae6bb8-fc85-468e-a062-b66b30f666e5",
          "isHook": false,
          "skipped": false
        },
        {
          "title": "Test Sauce Demo Can Checkout Sauce labs product backpack",
          "fullTitle": "Test Sauce Demo Can Checkout Sauce labs product backpack",
          "timedOut": null,
          "duration": 2278,
          "state": "passed",
          "speed": "fast",
          "pass": true,
          "fail": false,
          "pending": false,
          "context": null,
          "code": "loginPage.login(URL, 'standard_user', 'secret_sauce');\nloginPage.assertLogin();\ndashboardPage.sauceLabsBackpack();\ncheckoutpd.clickAddtoCart();\ncheckoutpd.clickCart();\ncheckoutpd.clickCheckout();\ncheckoutpd.checkout('test', 'test', '12345');\ncheckoutpd.clickContinue();\ncheckoutpd.clickFinish();\ncheckoutpd.assertCheckout();",
          "err": {},
          "uuid": "6137e362-6082-4b5a-afda-cf9f59bfc36b",
          "parentUUID": "8eae6bb8-fc85-468e-a062-b66b30f666e5",
          "isHook": false,
          "skipped": false
        },
        {
          "title": "Test Sauce Demo Can't Checkout Sauce labs product backpack with empty postal code",
          "fullTitle": "Test Sauce Demo Can't Checkout Sauce labs product backpack with empty postal code",
          "timedOut": null,
          "duration": 1949,
          "state": "passed",
          "speed": "fast",
          "pass": true,
          "fail": false,
          "pending": false,
          "context": null,
          "code": "loginPage.login(URL, 'standard_user', 'secret_sauce');\nloginPage.assertLogin();\ndashboardPage.sauceLabsBackpack();\ncheckoutpd.clickAddtoCart();\ncheckoutpd.clickCart();\ncheckoutpd.clickCheckout();\ncheckoutpd.failcheckout('test', 'test');\ncheckoutpd.clickContinue();\ncheckoutpd.assertFailCheckout();",
          "err": {},
          "uuid": "9facf47a-e040-4a06-b2d7-fc18a8aaf95e",
          "parentUUID": "8eae6bb8-fc85-468e-a062-b66b30f666e5",
          "isHook": false,
          "skipped": false
        }
      ],
      "suites": [],
      "passes": [
        "4edd3c8c-cf8d-4552-93fa-25d4c6b32105",
        "c8658224-add7-4f22-976b-4805730ad99b",
        "f75256ea-8320-4c4f-aebb-b61ab2c1409f",
        "6137e362-6082-4b5a-afda-cf9f59bfc36b",
        "9facf47a-e040-4a06-b2d7-fc18a8aaf95e"
      ],
      "failures": [],
      "pending": [],
      "skipped": [],
      "duration": 8733,
      "root": true,
      "rootEmpty": false,
      "_timeout": 2000
    }
  ],
  "meta": {
    "mocha": {
      "version": "7.0.1"
    },
    "mochawesome": {
      "options": {
        "quiet": false,
        "reportFilename": "mochawesome",
        "saveHtml": false,
        "saveJson": true,
        "consoleReporter": "spec",
        "useInlineDiffs": false,
        "code": true
      },
      "version": "7.1.3"
    },
    "marge": {
      "options": {
        "chart": true,
        "overwrite": false,
        "html": false,
        "json": true,
        "reportDir": "cypress/reports"
      },
      "version": "6.2.0"
    }
  }
}